<?xml version="1.0" encoding="UTF-8"?>
<testng-results ignored="0" total="4" passed="2" failed="2" skipped="0">
  <reporter-output>
  </reporter-output>
  <suite started-at="2023-02-18T21:45:59Z" name="Suite" finished-at="2023-02-18T21:46:42Z" duration-ms="42919">
    <groups>
    </groups>
    <test started-at="2023-02-18T21:45:59Z" name="my udemy test chrome" finished-at="2023-02-18T21:46:23Z" duration-ms="24566">
      <class name="com.myTest.LoginTest">
        <test-method is-config="true" signature="setupTest(java.lang.String)[pri:0, instance:com.myTest.LoginTest@5f354bcf]" started-at="2023-02-18T21:45:59Z" name="setupTest" finished-at="2023-02-18T21:46:06Z" duration-ms="7662" status="PASS">
          <params>
            <param index="0">
              <value>
                <![CDATA[chrome]]>
              </value>
            </param>
          </params>
          <reporter-output>
          </reporter-output>
        </test-method> <!-- setupTest -->
        <test-method signature="verifyloginpagetitletest()[pri:1, instance:com.myTest.LoginTest@5f354bcf]" started-at="2023-02-18T21:46:06Z" name="verifyloginpagetitletest" finished-at="2023-02-18T21:46:07Z" duration-ms="52" status="PASS">
          <reporter-output>
          </reporter-output>
        </test-method> <!-- verifyloginpagetitletest -->
        <test-method is-config="true" signature="teardown()[pri:0, instance:com.myTest.LoginTest@5f354bcf]" started-at="2023-02-18T21:46:07Z" name="teardown" finished-at="2023-02-18T21:46:07Z" duration-ms="775" status="PASS">
          <reporter-output>
          </reporter-output>
        </test-method> <!-- teardown -->
        <test-method is-config="true" signature="setupTest(java.lang.String)[pri:0, instance:com.myTest.LoginTest@5f354bcf]" started-at="2023-02-18T21:46:07Z" name="setupTest" finished-at="2023-02-18T21:46:16Z" duration-ms="8865" status="PASS">
          <params>
            <param index="0">
              <value>
                <![CDATA[chrome]]>
              </value>
            </param>
          </params>
          <reporter-output>
          </reporter-output>
        </test-method> <!-- setupTest -->
        <test-method signature="dologintest()[pri:2, instance:com.myTest.LoginTest@5f354bcf]" started-at="2023-02-18T21:46:16Z" name="dologintest" finished-at="2023-02-18T21:46:22Z" duration-ms="6238" status="FAIL">
          <exception class="java.lang.NullPointerException">
            <message>
              <![CDATA[Cannot invoke "org.openqa.selenium.WebElement.getText()" because the return value of "com.mypages.BasePage.getElement(org.openqa.selenium.By)" is null]]>
            </message>
            <full-stacktrace>
              <![CDATA[java.lang.NullPointerException: Cannot invoke "org.openqa.selenium.WebElement.getText()" because the return value of "com.mypages.BasePage.getElement(org.openqa.selenium.By)" is null
at com.mypages.BasePage.getPageHeader(BasePage.java:21)
at com.mypages.HomePage.getHomePageHeader(HomePage.java:25)
at com.myTest.LoginTest.dologintest(LoginTest.java:26)
at java.base/jdk.internal.reflect.NativeMethodAccessorImpl.invoke0(Native Method)
at java.base/jdk.internal.reflect.NativeMethodAccessorImpl.invoke(NativeMethodAccessorImpl.java:77)
at java.base/jdk.internal.reflect.DelegatingMethodAccessorImpl.invoke(DelegatingMethodAccessorImpl.java:43)
at java.base/java.lang.reflect.Method.invoke(Method.java:568)
at org.testng.internal.MethodInvocationHelper.invokeMethod(MethodInvocationHelper.java:124)
at org.testng.internal.Invoker.invokeMethod(Invoker.java:583)
at org.testng.internal.Invoker.invokeTestMethod(Invoker.java:719)
at org.testng.internal.Invoker.invokeTestMethods(Invoker.java:989)
at org.testng.internal.TestMethodWorker.invokeTestMethods(TestMethodWorker.java:125)
at org.testng.internal.TestMethodWorker.run(TestMethodWorker.java:109)
at java.base/java.util.concurrent.ThreadPoolExecutor.runWorker(ThreadPoolExecutor.java:1136)
at java.base/java.util.concurrent.ThreadPoolExecutor$Worker.run(ThreadPoolExecutor.java:635)
at java.base/java.lang.Thread.run(Thread.java:833)
]]>
            </full-stacktrace>
          </exception> <!-- java.lang.NullPointerException -->
          <reporter-output>
          </reporter-output>
        </test-method> <!-- dologintest -->
        <test-method is-config="true" signature="teardown()[pri:0, instance:com.myTest.LoginTest@5f354bcf]" started-at="2023-02-18T21:46:22Z" name="teardown" finished-at="2023-02-18T21:46:23Z" duration-ms="936" status="PASS">
          <reporter-output>
          </reporter-output>
        </test-method> <!-- teardown -->
      </class> <!-- com.myTest.LoginTest -->
    </test> <!-- my udemy test chrome -->
    <test started-at="2023-02-18T21:45:59Z" name="my udemy test firefox" finished-at="2023-02-18T21:46:42Z" duration-ms="42919">
      <class name="com.myTest.LoginTest">
        <test-method is-config="true" signature="setupTest(java.lang.String)[pri:0, instance:com.myTest.LoginTest@265adfad]" started-at="2023-02-18T21:45:59Z" name="setupTest" finished-at="2023-02-18T21:46:18Z" duration-ms="19081" status="PASS">
          <params>
            <param index="0">
              <value>
                <![CDATA[ff]]>
              </value>
            </param>
          </params>
          <reporter-output>
          </reporter-output>
        </test-method> <!-- setupTest -->
        <test-method signature="verifyloginpagetitletest()[pri:1, instance:com.myTest.LoginTest@265adfad]" started-at="2023-02-18T21:46:18Z" name="verifyloginpagetitletest" finished-at="2023-02-18T21:46:18Z" duration-ms="11" status="PASS">
          <reporter-output>
          </reporter-output>
        </test-method> <!-- verifyloginpagetitletest -->
        <test-method is-config="true" signature="teardown()[pri:0, instance:com.myTest.LoginTest@265adfad]" started-at="2023-02-18T21:46:18Z" name="teardown" finished-at="2023-02-18T21:46:23Z" duration-ms="5412" status="PASS">
          <reporter-output>
          </reporter-output>
        </test-method> <!-- teardown -->
        <test-method is-config="true" signature="setupTest(java.lang.String)[pri:0, instance:com.myTest.LoginTest@265adfad]" started-at="2023-02-18T21:46:23Z" name="setupTest" finished-at="2023-02-18T21:46:32Z" duration-ms="8368" status="PASS">
          <params>
            <param index="0">
              <value>
                <![CDATA[ff]]>
              </value>
            </param>
          </params>
          <reporter-output>
          </reporter-output>
        </test-method> <!-- setupTest -->
        <test-method signature="dologintest()[pri:2, instance:com.myTest.LoginTest@265adfad]" started-at="2023-02-18T21:46:32Z" name="dologintest" finished-at="2023-02-18T21:46:39Z" duration-ms="7709" status="FAIL">
          <exception class="java.lang.NullPointerException">
            <message>
              <![CDATA[Cannot invoke "org.openqa.selenium.WebElement.getText()" because the return value of "com.mypages.BasePage.getElement(org.openqa.selenium.By)" is null]]>
            </message>
            <full-stacktrace>
              <![CDATA[java.lang.NullPointerException: Cannot invoke "org.openqa.selenium.WebElement.getText()" because the return value of "com.mypages.BasePage.getElement(org.openqa.selenium.By)" is null
at com.mypages.BasePage.getPageHeader(BasePage.java:21)
at com.mypages.HomePage.getHomePageHeader(HomePage.java:25)
at com.myTest.LoginTest.dologintest(LoginTest.java:26)
at java.base/jdk.internal.reflect.NativeMethodAccessorImpl.invoke0(Native Method)
at java.base/jdk.internal.reflect.NativeMethodAccessorImpl.invoke(NativeMethodAccessorImpl.java:77)
at java.base/jdk.internal.reflect.DelegatingMethodAccessorImpl.invoke(DelegatingMethodAccessorImpl.java:43)
at java.base/java.lang.reflect.Method.invoke(Method.java:568)
at org.testng.internal.MethodInvocationHelper.invokeMethod(MethodInvocationHelper.java:124)
at org.testng.internal.Invoker.invokeMethod(Invoker.java:583)
at org.testng.internal.Invoker.invokeTestMethod(Invoker.java:719)
at org.testng.internal.Invoker.invokeTestMethods(Invoker.java:989)
at org.testng.internal.TestMethodWorker.invokeTestMethods(TestMethodWorker.java:125)
at org.testng.internal.TestMethodWorker.run(TestMethodWorker.java:109)
at java.base/java.util.concurrent.ThreadPoolExecutor.runWorker(ThreadPoolExecutor.java:1136)
at java.base/java.util.concurrent.ThreadPoolExecutor$Worker.run(ThreadPoolExecutor.java:635)
at java.base/java.lang.Thread.run(Thread.java:833)
]]>
            </full-stacktrace>
          </exception> <!-- java.lang.NullPointerException -->
          <reporter-output>
          </reporter-output>
        </test-method> <!-- dologintest -->
        <test-method is-config="true" signature="teardown()[pri:0, instance:com.myTest.LoginTest@265adfad]" started-at="2023-02-18T21:46:39Z" name="teardown" finished-at="2023-02-18T21:46:42Z" duration-ms="2302" status="PASS">
          <reporter-output>
          </reporter-output>
        </test-method> <!-- teardown -->
      </class> <!-- com.myTest.LoginTest -->
    </test> <!-- my udemy test firefox -->
  </suite> <!-- Suite -->
</testng-results>
